#! /c/Source/iverilog-install/bin/vvp
:ivl_version "12.0 (devel)" "(s20150603-1539-g2693dd32b)";
:ivl_delay_selection "TYPICAL";
:vpi_time_precision - 12;
:vpi_module "C:\Users\saipo\OneDrive\Pictures\Vlsi\iverilog\lib\ivl\system.vpi";
:vpi_module "C:\Users\saipo\OneDrive\Pictures\Vlsi\iverilog\lib\ivl\vhdl_sys.vpi";
:vpi_module "C:\Users\saipo\OneDrive\Pictures\Vlsi\iverilog\lib\ivl\vhdl_textio.vpi";
:vpi_module "C:\Users\saipo\OneDrive\Pictures\Vlsi\iverilog\lib\ivl\v2005_math.vpi";
:vpi_module "C:\Users\saipo\OneDrive\Pictures\Vlsi\iverilog\lib\ivl\va_math.vpi";
S_00000236d8f9bba0 .scope module, "adder64_tb" "adder64_tb" 2 4;
 .timescale -9 -12;
v00000236d8f9b910_0 .var "a", 63 0;
v00000236d8e84690_0 .var "b", 63 0;
v00000236d8e84730_0 .net "sum", 63 0, L_00000236d8e847d0;  1 drivers
S_00000236d8e85fa0 .scope task, "run_test" "run_test" 2 15, 2 15 0, S_00000236d8f9bba0;
 .timescale -9 -12;
v00000236d8f9bf40_0 .var "expected", 63 0;
v00000236d8e53000_0 .var "ta", 63 0;
v00000236d8f9b2e0_0 .var "tb", 63 0;
v00000236d8f9b440_0 .var "tno", 4 0;
TD_adder64_tb.run_test ;
    %load/vec4 v00000236d8e53000_0;
    %store/vec4 v00000236d8f9b910_0, 0, 64;
    %load/vec4 v00000236d8f9b2e0_0;
    %store/vec4 v00000236d8e84690_0, 0, 64;
    %delay 5000, 0;
    %vpi_call 2 25 "$display", "Test %0d", v00000236d8f9b440_0 {0 0 0};
    %vpi_call 2 26 "$display", "a=%h b=%h \342\206\222 sum=%h", v00000236d8f9b910_0, v00000236d8e84690_0, v00000236d8e84730_0 {0 0 0};
    %load/vec4 v00000236d8e84730_0;
    %load/vec4 v00000236d8f9bf40_0;
    %cmp/e;
    %jmp/0xz  T_0.0, 6;
    %vpi_call 2 29 "$display", "PASS\012" {0 0 0};
    %jmp T_0.1;
T_0.0 ;
    %vpi_call 2 31 "$display", "FAIL" {0 0 0};
    %vpi_call 2 32 "$display", "Expected = %h\012", v00000236d8f9bf40_0 {0 0 0};
T_0.1 ;
    %end;
S_00000236d8e86130 .scope module, "uut" "adder64" 2 9, 3 1 0, S_00000236d8f9bba0;
 .timescale -9 -12;
    .port_info 0 /INPUT 64 "a";
    .port_info 1 /INPUT 64 "b";
    .port_info 2 /OUTPUT 64 "sum";
v00000236d8e862c0_0 .net "a", 63 0, v00000236d8f9b910_0;  1 drivers
v00000236d8e86360_0 .net "b", 63 0, v00000236d8e84690_0;  1 drivers
v00000236d8f9b870_0 .net "sum", 63 0, L_00000236d8e847d0;  alias, 1 drivers
L_00000236d8e847d0 .arith/sum 64, v00000236d8f9b910_0, v00000236d8e84690_0;
    .scope S_00000236d8f9bba0;
T_1 ;
    %vpi_call 2 38 "$dumpfile", "adder64_tb.vcd" {0 0 0};
    %vpi_call 2 39 "$dumpvars", 32'sb00000000000000000000000000000000, S_00000236d8f9bba0 {0 0 0};
    %pushi/vec4 1, 0, 5;
    %store/vec4 v00000236d8f9b440_0, 0, 5;
    %pushi/vec4 0, 0, 64;
    %store/vec4 v00000236d8e53000_0, 0, 64;
    %pushi/vec4 4, 0, 64;
    %store/vec4 v00000236d8f9b2e0_0, 0, 64;
    %pushi/vec4 4, 0, 64;
    %store/vec4 v00000236d8f9bf40_0, 0, 64;
    %fork TD_adder64_tb.run_test, S_00000236d8e85fa0;
    %join;
    %pushi/vec4 2, 0, 5;
    %store/vec4 v00000236d8f9b440_0, 0, 5;
    %pushi/vec4 10, 0, 64;
    %store/vec4 v00000236d8e53000_0, 0, 64;
    %pushi/vec4 20, 0, 64;
    %store/vec4 v00000236d8f9b2e0_0, 0, 64;
    %pushi/vec4 30, 0, 64;
    %store/vec4 v00000236d8f9bf40_0, 0, 64;
    %fork TD_adder64_tb.run_test, S_00000236d8e85fa0;
    %join;
    %pushi/vec4 3, 0, 5;
    %store/vec4 v00000236d8f9b440_0, 0, 5;
    %pushi/vec4 4294967295, 0, 32;
    %concati/vec4 4294967280, 0, 32;
    %store/vec4 v00000236d8e53000_0, 0, 64;
    %pushi/vec4 16, 0, 64;
    %store/vec4 v00000236d8f9b2e0_0, 0, 64;
    %pushi/vec4 0, 0, 64;
    %store/vec4 v00000236d8f9bf40_0, 0, 64;
    %fork TD_adder64_tb.run_test, S_00000236d8e85fa0;
    %join;
    %pushi/vec4 4, 0, 5;
    %store/vec4 v00000236d8f9b440_0, 0, 5;
    %pushi/vec4 2443359172, 0, 35;
    %concati/vec4 448585456, 0, 29;
    %store/vec4 v00000236d8e53000_0, 0, 64;
    %pushi/vec4 16, 0, 64;
    %store/vec4 v00000236d8f9b2e0_0, 0, 64;
    %pushi/vec4 2443359172, 0, 35;
    %concati/vec4 448585472, 0, 29;
    %store/vec4 v00000236d8f9bf40_0, 0, 64;
    %fork TD_adder64_tb.run_test, S_00000236d8e85fa0;
    %join;
    %delay 20000, 0;
    %vpi_call 2 46 "$finish" {0 0 0};
    %end;
    .thread T_1;
# The file index is used to find the file name in the following table.
:file_names 4;
    "N/A";
    "<interactive>";
    "adder64_tb.v";
    "./adder64.v";
