#! /c/Source/iverilog-install/bin/vvp
:ivl_version "12.0 (devel)" "(s20150603-1539-g2693dd32b)";
:ivl_delay_selection "TYPICAL";
:vpi_time_precision - 12;
:vpi_module "C:\Users\saipo\OneDrive\Pictures\Vlsi\iverilog\lib\ivl\system.vpi";
:vpi_module "C:\Users\saipo\OneDrive\Pictures\Vlsi\iverilog\lib\ivl\vhdl_sys.vpi";
:vpi_module "C:\Users\saipo\OneDrive\Pictures\Vlsi\iverilog\lib\ivl\vhdl_textio.vpi";
:vpi_module "C:\Users\saipo\OneDrive\Pictures\Vlsi\iverilog\lib\ivl\v2005_math.vpi";
:vpi_module "C:\Users\saipo\OneDrive\Pictures\Vlsi\iverilog\lib\ivl\va_math.vpi";
S_00000176fd736ba0 .scope module, "alu_control_tb" "alu_control_tb" 2 4;
 .timescale -9 -12;
v00000176fd743240_0 .net "ALUControl", 3 0, L_00000176fd74a870;  1 drivers
v00000176fd7432e0_0 .var "ALUOp", 1 0;
v00000176fd743380_0 .var "Ins", 3 0;
S_00000176fd6fe940 .scope task, "run_test" "run_test" 2 16, 2 16 0, S_00000176fd736ba0;
 .timescale -9 -12;
v00000176fd7133b0_0 .var "expected", 3 0;
v00000176fd712fe0_0 .var "t_ALUOp", 1 0;
v00000176fd736d30_0 .var "t_Ins", 3 0;
v00000176fd6fb600_0 .var "tno", 4 0;
TD_alu_control_tb.run_test ;
    %load/vec4 v00000176fd712fe0_0;
    %store/vec4 v00000176fd7432e0_0, 0, 2;
    %load/vec4 v00000176fd736d30_0;
    %store/vec4 v00000176fd743380_0, 0, 4;
    %delay 5000, 0;
    %vpi_call 2 26 "$display", "Test %0d", v00000176fd6fb600_0 {0 0 0};
    %vpi_call 2 27 "$display", "ALUOp=%b Ins=%b \342\206\222 ALUControl=%b", v00000176fd7432e0_0, v00000176fd743380_0, v00000176fd743240_0 {0 0 0};
    %load/vec4 v00000176fd743240_0;
    %load/vec4 v00000176fd7133b0_0;
    %cmp/e;
    %jmp/0xz  T_0.0, 6;
    %vpi_call 2 30 "$display", "PASS\012" {0 0 0};
    %jmp T_0.1;
T_0.0 ;
    %vpi_call 2 32 "$display", "FAIL" {0 0 0};
    %vpi_call 2 33 "$display", "Expected = %b\012", v00000176fd7133b0_0 {0 0 0};
T_0.1 ;
    %end;
S_00000176fd6fead0 .scope module, "uut" "alu_control" 2 10, 3 1 0, S_00000176fd736ba0;
 .timescale -9 -12;
    .port_info 0 /INPUT 2 "ALUOp";
    .port_info 1 /INPUT 4 "Ins";
    .port_info 2 /OUTPUT 4 "ALUControl";
L_00000176fd74a870 .functor BUFZ 4, v00000176fd6fed00_0, C4<0000>, C4<0000>, C4<0000>;
v00000176fd6fec60_0 .net "ALUControl", 3 0, L_00000176fd74a870;  alias, 1 drivers
v00000176fd6fed00_0 .var "ALUControl_reg", 3 0;
v00000176fd6fbe70_0 .net "ALUOp", 1 0, v00000176fd7432e0_0;  1 drivers
v00000176fd6fbf10_0 .net "Ins", 3 0, v00000176fd743380_0;  1 drivers
v00000176fd743100_0 .net "funct3", 2 0, L_00000176fd743420;  1 drivers
v00000176fd7431a0_0 .net "funct7_5", 0 0, L_00000176fd744190;  1 drivers
E_00000176fd738720 .event anyedge, v00000176fd6fbe70_0, v00000176fd743100_0, v00000176fd7431a0_0;
L_00000176fd743420 .part v00000176fd743380_0, 0, 3;
L_00000176fd744190 .part v00000176fd743380_0, 3, 1;
    .scope S_00000176fd6fead0;
T_1 ;
    %wait E_00000176fd738720;
    %load/vec4 v00000176fd6fbe70_0;
    %dup/vec4;
    %pushi/vec4 0, 0, 2;
    %cmp/u;
    %jmp/1 T_1.0, 6;
    %dup/vec4;
    %pushi/vec4 1, 0, 2;
    %cmp/u;
    %jmp/1 T_1.1, 6;
    %dup/vec4;
    %pushi/vec4 2, 0, 2;
    %cmp/u;
    %jmp/1 T_1.2, 6;
    %pushi/vec4 2, 0, 4;
    %store/vec4 v00000176fd6fed00_0, 0, 4;
    %jmp T_1.4;
T_1.0 ;
    %pushi/vec4 2, 0, 4;
    %store/vec4 v00000176fd6fed00_0, 0, 4;
    %jmp T_1.4;
T_1.1 ;
    %pushi/vec4 6, 0, 4;
    %store/vec4 v00000176fd6fed00_0, 0, 4;
    %jmp T_1.4;
T_1.2 ;
    %load/vec4 v00000176fd743100_0;
    %dup/vec4;
    %pushi/vec4 0, 0, 3;
    %cmp/u;
    %jmp/1 T_1.5, 6;
    %dup/vec4;
    %pushi/vec4 7, 0, 3;
    %cmp/u;
    %jmp/1 T_1.6, 6;
    %dup/vec4;
    %pushi/vec4 6, 0, 3;
    %cmp/u;
    %jmp/1 T_1.7, 6;
    %pushi/vec4 2, 0, 4;
    %store/vec4 v00000176fd6fed00_0, 0, 4;
    %jmp T_1.9;
T_1.5 ;
    %load/vec4 v00000176fd7431a0_0;
    %cmpi/e 1, 0, 1;
    %jmp/0xz  T_1.10, 4;
    %pushi/vec4 6, 0, 4;
    %store/vec4 v00000176fd6fed00_0, 0, 4;
    %jmp T_1.11;
T_1.10 ;
    %pushi/vec4 2, 0, 4;
    %store/vec4 v00000176fd6fed00_0, 0, 4;
T_1.11 ;
    %jmp T_1.9;
T_1.6 ;
    %pushi/vec4 0, 0, 4;
    %store/vec4 v00000176fd6fed00_0, 0, 4;
    %jmp T_1.9;
T_1.7 ;
    %pushi/vec4 1, 0, 4;
    %store/vec4 v00000176fd6fed00_0, 0, 4;
    %jmp T_1.9;
T_1.9 ;
    %pop/vec4 1;
    %jmp T_1.4;
T_1.4 ;
    %pop/vec4 1;
    %jmp T_1;
    .thread T_1, $push;
    .scope S_00000176fd736ba0;
T_2 ;
    %vpi_call 2 39 "$dumpfile", "alu_control_tb.vcd" {0 0 0};
    %vpi_call 2 40 "$dumpvars", 32'sb00000000000000000000000000000000, S_00000176fd736ba0 {0 0 0};
    %pushi/vec4 1, 0, 5;
    %store/vec4 v00000176fd6fb600_0, 0, 5;
    %pushi/vec4 0, 0, 2;
    %store/vec4 v00000176fd712fe0_0, 0, 2;
    %pushi/vec4 0, 0, 4;
    %store/vec4 v00000176fd736d30_0, 0, 4;
    %pushi/vec4 2, 0, 4;
    %store/vec4 v00000176fd7133b0_0, 0, 4;
    %fork TD_alu_control_tb.run_test, S_00000176fd6fe940;
    %join;
    %pushi/vec4 2, 0, 5;
    %store/vec4 v00000176fd6fb600_0, 0, 5;
    %pushi/vec4 1, 0, 2;
    %store/vec4 v00000176fd712fe0_0, 0, 2;
    %pushi/vec4 0, 0, 4;
    %store/vec4 v00000176fd736d30_0, 0, 4;
    %pushi/vec4 6, 0, 4;
    %store/vec4 v00000176fd7133b0_0, 0, 4;
    %fork TD_alu_control_tb.run_test, S_00000176fd6fe940;
    %join;
    %pushi/vec4 3, 0, 5;
    %store/vec4 v00000176fd6fb600_0, 0, 5;
    %pushi/vec4 2, 0, 2;
    %store/vec4 v00000176fd712fe0_0, 0, 2;
    %pushi/vec4 0, 0, 4;
    %store/vec4 v00000176fd736d30_0, 0, 4;
    %pushi/vec4 2, 0, 4;
    %store/vec4 v00000176fd7133b0_0, 0, 4;
    %fork TD_alu_control_tb.run_test, S_00000176fd6fe940;
    %join;
    %pushi/vec4 4, 0, 5;
    %store/vec4 v00000176fd6fb600_0, 0, 5;
    %pushi/vec4 2, 0, 2;
    %store/vec4 v00000176fd712fe0_0, 0, 2;
    %pushi/vec4 8, 0, 4;
    %store/vec4 v00000176fd736d30_0, 0, 4;
    %pushi/vec4 6, 0, 4;
    %store/vec4 v00000176fd7133b0_0, 0, 4;
    %fork TD_alu_control_tb.run_test, S_00000176fd6fe940;
    %join;
    %pushi/vec4 5, 0, 5;
    %store/vec4 v00000176fd6fb600_0, 0, 5;
    %pushi/vec4 2, 0, 2;
    %store/vec4 v00000176fd712fe0_0, 0, 2;
    %pushi/vec4 7, 0, 4;
    %store/vec4 v00000176fd736d30_0, 0, 4;
    %pushi/vec4 0, 0, 4;
    %store/vec4 v00000176fd7133b0_0, 0, 4;
    %fork TD_alu_control_tb.run_test, S_00000176fd6fe940;
    %join;
    %pushi/vec4 6, 0, 5;
    %store/vec4 v00000176fd6fb600_0, 0, 5;
    %pushi/vec4 2, 0, 2;
    %store/vec4 v00000176fd712fe0_0, 0, 2;
    %pushi/vec4 6, 0, 4;
    %store/vec4 v00000176fd736d30_0, 0, 4;
    %pushi/vec4 1, 0, 4;
    %store/vec4 v00000176fd7133b0_0, 0, 4;
    %fork TD_alu_control_tb.run_test, S_00000176fd6fe940;
    %join;
    %delay 20000, 0;
    %vpi_call 2 49 "$finish" {0 0 0};
    %end;
    .thread T_2;
# The file index is used to find the file name in the following table.
:file_names 4;
    "N/A";
    "<interactive>";
    "alu_control_tb.v";
    "./alu_control.v";
