#! /c/Source/iverilog-install/bin/vvp
:ivl_version "12.0 (devel)" "(s20150603-1539-g2693dd32b)";
:ivl_delay_selection "TYPICAL";
:vpi_time_precision - 12;
:vpi_module "C:\Users\saipo\OneDrive\Pictures\Vlsi\iverilog\lib\ivl\system.vpi";
:vpi_module "C:\Users\saipo\OneDrive\Pictures\Vlsi\iverilog\lib\ivl\vhdl_sys.vpi";
:vpi_module "C:\Users\saipo\OneDrive\Pictures\Vlsi\iverilog\lib\ivl\vhdl_textio.vpi";
:vpi_module "C:\Users\saipo\OneDrive\Pictures\Vlsi\iverilog\lib\ivl\v2005_math.vpi";
:vpi_module "C:\Users\saipo\OneDrive\Pictures\Vlsi\iverilog\lib\ivl\va_math.vpi";
S_000001fc99874450 .scope module, "Data_Memory_tb" "Data_Memory_tb" 2 4;
 .timescale -9 -12;
v000001fc998db200_0 .var "MemRead", 0 0;
v000001fc998daee0_0 .var "MemWrite", 0 0;
v000001fc998dc740_0 .var "address", 63 0;
v000001fc998dada0_0 .var "clk", 0 0;
v000001fc998dc7e0_0 .net "read_data", 63 0, L_000001fc998db520;  1 drivers
v000001fc998dca60_0 .var "reset", 0 0;
v000001fc998db340_0 .var "write_data", 63 0;
S_000001fc99879cf0 .scope task, "run_test" "run_test" 2 29, 2 29 0, S_000001fc99874450;
 .timescale -9 -12;
v000001fc99871650_0 .var "expected", 63 0;
v000001fc99871bf0_0 .var "t_MemRead", 0 0;
v000001fc99871830_0 .var "t_MemWrite", 0 0;
v000001fc998718d0_0 .var "t_address", 63 0;
v000001fc99872050_0 .var "t_reset", 0 0;
v000001fc99871e70_0 .var "t_write_data", 63 0;
v000001fc99871970_0 .var "tno", 4 0;
E_000001fc99886030 .event posedge, v000001fc998dcba0_0;
E_000001fc99886b30 .event negedge, v000001fc998dcba0_0;
TD_Data_Memory_tb.run_test ;
    %wait E_000001fc99886b30;
    %load/vec4 v000001fc99872050_0;
    %store/vec4 v000001fc998dca60_0, 0, 1;
    %load/vec4 v000001fc99871830_0;
    %store/vec4 v000001fc998daee0_0, 0, 1;
    %load/vec4 v000001fc99871bf0_0;
    %store/vec4 v000001fc998db200_0, 0, 1;
    %load/vec4 v000001fc998718d0_0;
    %store/vec4 v000001fc998dc740_0, 0, 64;
    %load/vec4 v000001fc99871e70_0;
    %store/vec4 v000001fc998db340_0, 0, 64;
    %wait E_000001fc99886030;
    %delay 2000, 0;
    %vpi_call 2 48 "$display", "Test %0d", v000001fc99871970_0 {0 0 0};
    %vpi_call 2 49 "$display", "Reset=%b MemWrite=%b MemRead=%b Addr=%0d", v000001fc998dca60_0, v000001fc998daee0_0, v000001fc998db200_0, v000001fc998dc740_0 {0 0 0};
    %vpi_call 2 50 "$display", "WriteData=%h", v000001fc998db340_0 {0 0 0};
    %vpi_call 2 51 "$display", "ReadData =%h", v000001fc998dc7e0_0 {0 0 0};
    %load/vec4 v000001fc998dc7e0_0;
    %load/vec4 v000001fc99871650_0;
    %cmp/e;
    %jmp/0xz  T_0.0, 6;
    %vpi_call 2 54 "$display", "PASS\012" {0 0 0};
    %jmp T_0.1;
T_0.0 ;
    %vpi_call 2 56 "$display", "FAIL" {0 0 0};
    %vpi_call 2 57 "$display", "Expected = %h\012", v000001fc99871650_0 {0 0 0};
T_0.1 ;
    %end;
S_000001fc99879e80 .scope module, "uut" "Data_Memory" 2 14, 3 1 0, S_000001fc99874450;
 .timescale -9 -12;
    .port_info 0 /INPUT 1 "clk";
    .port_info 1 /INPUT 1 "reset";
    .port_info 2 /INPUT 1 "MemRead";
    .port_info 3 /INPUT 1 "MemWrite";
    .port_info 4 /INPUT 64 "address";
    .port_info 5 /INPUT 64 "write_data";
    .port_info 6 /OUTPUT 64 "read_data";
v000001fc99871a10_0 .net "MemRead", 0 0, v000001fc998db200_0;  1 drivers
v000001fc99871ab0_0 .net "MemWrite", 0 0, v000001fc998daee0_0;  1 drivers
v000001fc99871dd0_0 .net *"_ivl_0", 7 0, L_000001fc998dbde0;  1 drivers
L_000001fc998dcf20 .functor BUFT 1, C4<0000000000000000000000000000000000000000000000000000000000000010>, C4<0>, C4<0>, C4<0>;
v000001fc99871f10_0 .net/2u *"_ivl_10", 63 0, L_000001fc998dcf20;  1 drivers
v000001fc99871790_0 .net *"_ivl_12", 63 0, L_000001fc998dc880;  1 drivers
v000001fc998722d0_0 .net *"_ivl_14", 7 0, L_000001fc998dae40;  1 drivers
L_000001fc998dcf68 .functor BUFT 1, C4<0000000000000000000000000000000000000000000000000000000000000011>, C4<0>, C4<0>, C4<0>;
v000001fc99871fb0_0 .net/2u *"_ivl_16", 63 0, L_000001fc998dcf68;  1 drivers
v000001fc99871b50_0 .net *"_ivl_18", 63 0, L_000001fc998dc420;  1 drivers
v000001fc99871d30_0 .net *"_ivl_2", 7 0, L_000001fc998dbe80;  1 drivers
v000001fc998720f0_0 .net *"_ivl_20", 7 0, L_000001fc998dba20;  1 drivers
L_000001fc998dcfb0 .functor BUFT 1, C4<0000000000000000000000000000000000000000000000000000000000000100>, C4<0>, C4<0>, C4<0>;
v000001fc99871470_0 .net/2u *"_ivl_22", 63 0, L_000001fc998dcfb0;  1 drivers
v000001fc99872190_0 .net *"_ivl_24", 63 0, L_000001fc998dc9c0;  1 drivers
v000001fc99872370_0 .net *"_ivl_26", 7 0, L_000001fc998db3e0;  1 drivers
L_000001fc998dcff8 .functor BUFT 1, C4<0000000000000000000000000000000000000000000000000000000000000101>, C4<0>, C4<0>, C4<0>;
v000001fc99871510_0 .net/2u *"_ivl_28", 63 0, L_000001fc998dcff8;  1 drivers
v000001fc998715b0_0 .net *"_ivl_30", 63 0, L_000001fc998db0c0;  1 drivers
v000001fc998716f0_0 .net *"_ivl_32", 7 0, L_000001fc998dcb00;  1 drivers
L_000001fc998dd040 .functor BUFT 1, C4<0000000000000000000000000000000000000000000000000000000000000110>, C4<0>, C4<0>, C4<0>;
v000001fc998dc380_0 .net/2u *"_ivl_34", 63 0, L_000001fc998dd040;  1 drivers
v000001fc998daf80_0 .net *"_ivl_36", 63 0, L_000001fc998dbca0;  1 drivers
v000001fc998dad00_0 .net *"_ivl_38", 7 0, L_000001fc998db480;  1 drivers
L_000001fc998dced8 .functor BUFT 1, C4<0000000000000000000000000000000000000000000000000000000000000001>, C4<0>, C4<0>, C4<0>;
v000001fc998dc1a0_0 .net/2u *"_ivl_4", 63 0, L_000001fc998dced8;  1 drivers
L_000001fc998dd088 .functor BUFT 1, C4<0000000000000000000000000000000000000000000000000000000000000111>, C4<0>, C4<0>, C4<0>;
v000001fc998dc060_0 .net/2u *"_ivl_40", 63 0, L_000001fc998dd088;  1 drivers
v000001fc998dbf20_0 .net *"_ivl_42", 63 0, L_000001fc998dc240;  1 drivers
v000001fc998dbb60_0 .net *"_ivl_44", 63 0, L_000001fc998dbfc0;  1 drivers
L_000001fc998dd0d0 .functor BUFT 1, C4<0000000000000000000000000000000000000000000000000000000000000000>, C4<0>, C4<0>, C4<0>;
v000001fc998dc920_0 .net/2u *"_ivl_46", 63 0, L_000001fc998dd0d0;  1 drivers
v000001fc998dc600_0 .net *"_ivl_6", 63 0, L_000001fc998dc4c0;  1 drivers
v000001fc998db020_0 .net *"_ivl_8", 7 0, L_000001fc998dbc00;  1 drivers
v000001fc998dbac0_0 .net "address", 63 0, v000001fc998dc740_0;  1 drivers
v000001fc998dcba0_0 .net "clk", 0 0, v000001fc998dada0_0;  1 drivers
v000001fc998dc100_0 .var/i "k", 31 0;
v000001fc998db160 .array "memory", 0 1023, 7 0;
v000001fc998db2a0_0 .net "read_data", 63 0, L_000001fc998db520;  alias, 1 drivers
v000001fc998dc6a0_0 .net "reset", 0 0, v000001fc998dca60_0;  1 drivers
v000001fc998dbd40_0 .net "write_data", 63 0, v000001fc998db340_0;  1 drivers
L_000001fc998dbde0 .array/port v000001fc998db160, v000001fc998dc740_0;
L_000001fc998dbe80 .array/port v000001fc998db160, L_000001fc998dc4c0;
L_000001fc998dc4c0 .arith/sum 64, v000001fc998dc740_0, L_000001fc998dced8;
L_000001fc998dbc00 .array/port v000001fc998db160, L_000001fc998dc880;
L_000001fc998dc880 .arith/sum 64, v000001fc998dc740_0, L_000001fc998dcf20;
L_000001fc998dae40 .array/port v000001fc998db160, L_000001fc998dc420;
L_000001fc998dc420 .arith/sum 64, v000001fc998dc740_0, L_000001fc998dcf68;
L_000001fc998dba20 .array/port v000001fc998db160, L_000001fc998dc9c0;
L_000001fc998dc9c0 .arith/sum 64, v000001fc998dc740_0, L_000001fc998dcfb0;
L_000001fc998db3e0 .array/port v000001fc998db160, L_000001fc998db0c0;
L_000001fc998db0c0 .arith/sum 64, v000001fc998dc740_0, L_000001fc998dcff8;
L_000001fc998dcb00 .array/port v000001fc998db160, L_000001fc998dbca0;
L_000001fc998dbca0 .arith/sum 64, v000001fc998dc740_0, L_000001fc998dd040;
L_000001fc998db480 .array/port v000001fc998db160, L_000001fc998dc240;
L_000001fc998dc240 .arith/sum 64, v000001fc998dc740_0, L_000001fc998dd088;
LS_000001fc998dbfc0_0_0 .concat [ 8 8 8 8], L_000001fc998db480, L_000001fc998dcb00, L_000001fc998db3e0, L_000001fc998dba20;
LS_000001fc998dbfc0_0_4 .concat [ 8 8 8 8], L_000001fc998dae40, L_000001fc998dbc00, L_000001fc998dbe80, L_000001fc998dbde0;
L_000001fc998dbfc0 .concat [ 32 32 0 0], LS_000001fc998dbfc0_0_0, LS_000001fc998dbfc0_0_4;
L_000001fc998db520 .functor MUXZ 64, L_000001fc998dd0d0, L_000001fc998dbfc0, v000001fc998db200_0, C4<>;
    .scope S_000001fc99879e80;
T_1 ;
    %pushi/vec4 0, 0, 32;
    %store/vec4 v000001fc998dc100_0, 0, 32;
T_1.0 ;
    %load/vec4 v000001fc998dc100_0;
    %cmpi/s 1024, 0, 32;
    %jmp/0xz T_1.1, 5;
    %pushi/vec4 0, 0, 8;
    %ix/getv/s 4, v000001fc998dc100_0;
    %store/vec4a v000001fc998db160, 4, 0;
    %load/vec4 v000001fc998dc100_0;
    %addi 1, 0, 32;
    %store/vec4 v000001fc998dc100_0, 0, 32;
    %jmp T_1.0;
T_1.1 ;
    %end;
    .thread T_1;
    .scope S_000001fc99879e80;
T_2 ;
    %wait E_000001fc99886030;
    %load/vec4 v000001fc998dc6a0_0;
    %flag_set/vec4 8;
    %jmp/0xz  T_2.0, 8;
    %pushi/vec4 0, 0, 32;
    %store/vec4 v000001fc998dc100_0, 0, 32;
T_2.2 ;
    %load/vec4 v000001fc998dc100_0;
    %cmpi/s 1024, 0, 32;
    %jmp/0xz T_2.3, 5;
    %pushi/vec4 0, 0, 8;
    %ix/getv/s 3, v000001fc998dc100_0;
    %ix/load 4, 0, 0; Constant delay
    %assign/vec4/a/d v000001fc998db160, 0, 4;
    %load/vec4 v000001fc998dc100_0;
    %addi 1, 0, 32;
    %store/vec4 v000001fc998dc100_0, 0, 32;
    %jmp T_2.2;
T_2.3 ;
    %jmp T_2.1;
T_2.0 ;
    %load/vec4 v000001fc99871ab0_0;
    %flag_set/vec4 8;
    %jmp/0xz  T_2.4, 8;
    %load/vec4 v000001fc998dbd40_0;
    %parti/s 8, 56, 7;
    %ix/getv 3, v000001fc998dbac0_0;
    %ix/load 4, 0, 0; Constant delay
    %assign/vec4/a/d v000001fc998db160, 0, 4;
    %load/vec4 v000001fc998dbd40_0;
    %parti/s 8, 48, 7;
    %load/vec4 v000001fc998dbac0_0;
    %addi 1, 0, 64;
    %ix/vec4 3;
    %ix/load 4, 0, 0; Constant delay
    %assign/vec4/a/d v000001fc998db160, 0, 4;
    %load/vec4 v000001fc998dbd40_0;
    %parti/s 8, 40, 7;
    %load/vec4 v000001fc998dbac0_0;
    %addi 2, 0, 64;
    %ix/vec4 3;
    %ix/load 4, 0, 0; Constant delay
    %assign/vec4/a/d v000001fc998db160, 0, 4;
    %load/vec4 v000001fc998dbd40_0;
    %parti/s 8, 32, 7;
    %load/vec4 v000001fc998dbac0_0;
    %addi 3, 0, 64;
    %ix/vec4 3;
    %ix/load 4, 0, 0; Constant delay
    %assign/vec4/a/d v000001fc998db160, 0, 4;
    %load/vec4 v000001fc998dbd40_0;
    %parti/s 8, 24, 6;
    %load/vec4 v000001fc998dbac0_0;
    %addi 4, 0, 64;
    %ix/vec4 3;
    %ix/load 4, 0, 0; Constant delay
    %assign/vec4/a/d v000001fc998db160, 0, 4;
    %load/vec4 v000001fc998dbd40_0;
    %parti/s 8, 16, 6;
    %load/vec4 v000001fc998dbac0_0;
    %addi 5, 0, 64;
    %ix/vec4 3;
    %ix/load 4, 0, 0; Constant delay
    %assign/vec4/a/d v000001fc998db160, 0, 4;
    %load/vec4 v000001fc998dbd40_0;
    %parti/s 8, 8, 5;
    %load/vec4 v000001fc998dbac0_0;
    %addi 6, 0, 64;
    %ix/vec4 3;
    %ix/load 4, 0, 0; Constant delay
    %assign/vec4/a/d v000001fc998db160, 0, 4;
    %load/vec4 v000001fc998dbd40_0;
    %parti/s 8, 0, 2;
    %load/vec4 v000001fc998dbac0_0;
    %addi 7, 0, 64;
    %ix/vec4 3;
    %ix/load 4, 0, 0; Constant delay
    %assign/vec4/a/d v000001fc998db160, 0, 4;
T_2.4 ;
T_2.1 ;
    %jmp T_2;
    .thread T_2;
    .scope S_000001fc99874450;
T_3 ;
    %pushi/vec4 0, 0, 1;
    %store/vec4 v000001fc998dada0_0, 0, 1;
T_3.0 ;
    %delay 5000, 0;
    %load/vec4 v000001fc998dada0_0;
    %inv;
    %store/vec4 v000001fc998dada0_0, 0, 1;
    %jmp T_3.0;
    %end;
    .thread T_3;
    .scope S_000001fc99874450;
T_4 ;
    %vpi_call 2 63 "$dumpfile", "Data_Memory_tb.vcd" {0 0 0};
    %vpi_call 2 64 "$dumpvars", 32'sb00000000000000000000000000000000, S_000001fc99874450 {0 0 0};
    %pushi/vec4 1, 0, 5;
    %store/vec4 v000001fc99871970_0, 0, 5;
    %pushi/vec4 0, 0, 1;
    %store/vec4 v000001fc99872050_0, 0, 1;
    %pushi/vec4 1, 0, 1;
    %store/vec4 v000001fc99871830_0, 0, 1;
    %pushi/vec4 1, 0, 1;
    %store/vec4 v000001fc99871bf0_0, 0, 1;
    %pushi/vec4 8, 0, 64;
    %store/vec4 v000001fc998718d0_0, 0, 64;
    %pushi/vec4 3735928559, 0, 32;
    %concati/vec4 3405691582, 0, 32;
    %store/vec4 v000001fc99871e70_0, 0, 64;
    %pushi/vec4 3735928559, 0, 32;
    %concati/vec4 3405691582, 0, 32;
    %store/vec4 v000001fc99871650_0, 0, 64;
    %fork TD_Data_Memory_tb.run_test, S_000001fc99879cf0;
    %join;
    %pushi/vec4 2, 0, 5;
    %store/vec4 v000001fc99871970_0, 0, 5;
    %pushi/vec4 0, 0, 1;
    %store/vec4 v000001fc99872050_0, 0, 1;
    %pushi/vec4 0, 0, 1;
    %store/vec4 v000001fc99871830_0, 0, 1;
    %pushi/vec4 1, 0, 1;
    %store/vec4 v000001fc99871bf0_0, 0, 1;
    %pushi/vec4 8, 0, 64;
    %store/vec4 v000001fc998718d0_0, 0, 64;
    %pushi/vec4 2443359172, 0, 35;
    %concati/vec4 279694831, 0, 29;
    %store/vec4 v000001fc99871e70_0, 0, 64;
    %pushi/vec4 3735928559, 0, 32;
    %concati/vec4 3405691582, 0, 32;
    %store/vec4 v000001fc99871650_0, 0, 64;
    %fork TD_Data_Memory_tb.run_test, S_000001fc99879cf0;
    %join;
    %pushi/vec4 3, 0, 5;
    %store/vec4 v000001fc99871970_0, 0, 5;
    %pushi/vec4 0, 0, 1;
    %store/vec4 v000001fc99872050_0, 0, 1;
    %pushi/vec4 0, 0, 1;
    %store/vec4 v000001fc99871830_0, 0, 1;
    %pushi/vec4 0, 0, 1;
    %store/vec4 v000001fc99871bf0_0, 0, 1;
    %pushi/vec4 16, 0, 64;
    %store/vec4 v000001fc998718d0_0, 0, 64;
    %pushi/vec4 0, 0, 64;
    %store/vec4 v000001fc99871e70_0, 0, 64;
    %pushi/vec4 0, 0, 64;
    %store/vec4 v000001fc99871650_0, 0, 64;
    %fork TD_Data_Memory_tb.run_test, S_000001fc99879cf0;
    %join;
    %delay 20000, 0;
    %vpi_call 2 70 "$finish" {0 0 0};
    %end;
    .thread T_4;
# The file index is used to find the file name in the following table.
:file_names 4;
    "N/A";
    "<interactive>";
    "Data_Memory_tb.v";
    "./Data_Memory.v";
