#! /c/Source/iverilog-install/bin/vvp
:ivl_version "12.0 (devel)" "(s20150603-1539-g2693dd32b)";
:ivl_delay_selection "TYPICAL";
:vpi_time_precision - 12;
:vpi_module "C:\Users\saipo\OneDrive\Pictures\Vlsi\iverilog\lib\ivl\system.vpi";
:vpi_module "C:\Users\saipo\OneDrive\Pictures\Vlsi\iverilog\lib\ivl\vhdl_sys.vpi";
:vpi_module "C:\Users\saipo\OneDrive\Pictures\Vlsi\iverilog\lib\ivl\vhdl_textio.vpi";
:vpi_module "C:\Users\saipo\OneDrive\Pictures\Vlsi\iverilog\lib\ivl\v2005_math.vpi";
:vpi_module "C:\Users\saipo\OneDrive\Pictures\Vlsi\iverilog\lib\ivl\va_math.vpi";
S_0000022144b97280 .scope module, "Immediate_Generation_tb" "Immediate_Generation_tb" 2 58;
 .timescale -9 -12;
v0000022144adbf10_0 .net "imm", 63 0, L_0000022144b9b0d0;  1 drivers
v0000022144b94b80_0 .var "instr", 31 0;
S_0000022144b97410 .scope task, "run_test" "run_test" 2 68, 2 68 0, S_0000022144b97280;
 .timescale -9 -12;
v0000022144b633b0_0 .var "expected", 63 0;
v0000022144be4f30_0 .var "t_instr", 31 0;
v0000022144b62fc0_0 .var "tno", 4 0;
TD_Immediate_Generation_tb.run_test ;
    %load/vec4 v0000022144be4f30_0;
    %store/vec4 v0000022144b94b80_0, 0, 32;
    %delay 5000, 0;
    %vpi_call 2 76 "$display", "Test %0d", v0000022144b62fc0_0 {0 0 0};
    %vpi_call 2 77 "$display", "Instruction = %h", v0000022144b94b80_0 {0 0 0};
    %vpi_call 2 78 "$display", "Immediate   = %h", v0000022144adbf10_0 {0 0 0};
    %load/vec4 v0000022144adbf10_0;
    %load/vec4 v0000022144b633b0_0;
    %cmp/e;
    %jmp/0xz  T_0.0, 6;
    %vpi_call 2 81 "$display", "PASS\012" {0 0 0};
    %jmp T_0.1;
T_0.0 ;
    %vpi_call 2 83 "$display", "FAIL" {0 0 0};
    %vpi_call 2 84 "$display", "Expected = %h\012", v0000022144b633b0_0 {0 0 0};
T_0.1 ;
    %end;
S_0000022144b949f0 .scope module, "uut" "Immediate_Generation" 2 63, 3 1 0, S_0000022144b97280;
 .timescale -9 -12;
    .port_info 0 /INPUT 32 "instr";
    .port_info 1 /OUTPUT 64 "imm";
P_0000022144adb000 .param/l "B_type" 1 3 8, C4<1100011>;
P_0000022144adb038 .param/l "I_type" 1 3 5, C4<0010011>;
P_0000022144adb070 .param/l "S_type" 1 3 6, C4<0100011>;
P_0000022144adb0a8 .param/l "load_type" 1 3 7, C4<0000011>;
L_0000022144b9b0d0 .functor BUFZ 64, v0000022144b975a0_0, C4<0000000000000000000000000000000000000000000000000000000000000000>, C4<0000000000000000000000000000000000000000000000000000000000000000>, C4<0000000000000000000000000000000000000000000000000000000000000000>;
v0000022144ad8fe0_0 .net "imm", 63 0, L_0000022144b9b0d0;  alias, 1 drivers
v0000022144b975a0_0 .var "imm_reg", 63 0;
v0000022144b97640_0 .net "instr", 31 0, v0000022144b94b80_0;  1 drivers
v0000022144adbe70_0 .net "opcode", 6 0, L_0000022144b94c20;  1 drivers
E_0000022144ad83e0 .event anyedge, v0000022144adbe70_0, v0000022144b97640_0;
L_0000022144b94c20 .part v0000022144b94b80_0, 0, 7;
    .scope S_0000022144b949f0;
T_1 ;
    %wait E_0000022144ad83e0;
    %load/vec4 v0000022144adbe70_0;
    %dup/vec4;
    %pushi/vec4 19, 0, 7;
    %cmp/u;
    %jmp/1 T_1.0, 6;
    %dup/vec4;
    %pushi/vec4 3, 0, 7;
    %cmp/u;
    %jmp/1 T_1.1, 6;
    %dup/vec4;
    %pushi/vec4 35, 0, 7;
    %cmp/u;
    %jmp/1 T_1.2, 6;
    %dup/vec4;
    %pushi/vec4 99, 0, 7;
    %cmp/u;
    %jmp/1 T_1.3, 6;
    %pushi/vec4 0, 0, 64;
    %store/vec4 v0000022144b975a0_0, 0, 64;
    %jmp T_1.5;
T_1.0 ;
    %load/vec4 v0000022144b97640_0;
    %parti/s 1, 31, 6;
    %replicate 52;
    %load/vec4 v0000022144b97640_0;
    %parti/s 12, 20, 6;
    %concat/vec4; draw_concat_vec4
    %store/vec4 v0000022144b975a0_0, 0, 64;
    %jmp T_1.5;
T_1.1 ;
    %load/vec4 v0000022144b97640_0;
    %parti/s 1, 31, 6;
    %replicate 52;
    %load/vec4 v0000022144b97640_0;
    %parti/s 12, 20, 6;
    %concat/vec4; draw_concat_vec4
    %store/vec4 v0000022144b975a0_0, 0, 64;
    %jmp T_1.5;
T_1.2 ;
    %load/vec4 v0000022144b97640_0;
    %parti/s 1, 31, 6;
    %replicate 52;
    %load/vec4 v0000022144b97640_0;
    %parti/s 7, 25, 6;
    %concat/vec4; draw_concat_vec4
    %load/vec4 v0000022144b97640_0;
    %parti/s 5, 7, 4;
    %concat/vec4; draw_concat_vec4
    %store/vec4 v0000022144b975a0_0, 0, 64;
    %jmp T_1.5;
T_1.3 ;
    %load/vec4 v0000022144b97640_0;
    %parti/s 1, 31, 6;
    %replicate 51;
    %load/vec4 v0000022144b97640_0;
    %parti/s 1, 31, 6;
    %concat/vec4; draw_concat_vec4
    %load/vec4 v0000022144b97640_0;
    %parti/s 1, 7, 4;
    %concat/vec4; draw_concat_vec4
    %load/vec4 v0000022144b97640_0;
    %parti/s 6, 25, 6;
    %concat/vec4; draw_concat_vec4
    %load/vec4 v0000022144b97640_0;
    %parti/s 4, 8, 5;
    %concat/vec4; draw_concat_vec4
    %concati/vec4 0, 0, 1;
    %store/vec4 v0000022144b975a0_0, 0, 64;
    %jmp T_1.5;
T_1.5 ;
    %pop/vec4 1;
    %jmp T_1;
    .thread T_1, $push;
    .scope S_0000022144b97280;
T_2 ;
    %vpi_call 2 90 "$dumpfile", "Immediate_Generation_tb.vcd" {0 0 0};
    %vpi_call 2 91 "$dumpvars", 32'sb00000000000000000000000000000000, S_0000022144b97280 {0 0 0};
    %pushi/vec4 1, 0, 5;
    %store/vec4 v0000022144b62fc0_0, 0, 5;
    %pushi/vec4 2162835, 0, 32;
    %store/vec4 v0000022144be4f30_0, 0, 32;
    %pushi/vec4 2, 0, 64;
    %store/vec4 v0000022144b633b0_0, 0, 64;
    %fork TD_Immediate_Generation_tb.run_test, S_0000022144b97410;
    %join;
    %pushi/vec4 2, 0, 5;
    %store/vec4 v0000022144b62fc0_0, 0, 5;
    %pushi/vec4 4293984387, 0, 32;
    %store/vec4 v0000022144be4f30_0, 0, 32;
    %pushi/vec4 4294967295, 0, 32;
    %concati/vec4 4294967295, 0, 32;
    %store/vec4 v0000022144b633b0_0, 0, 64;
    %fork TD_Immediate_Generation_tb.run_test, S_0000022144b97410;
    %join;
    %pushi/vec4 3, 0, 5;
    %store/vec4 v0000022144b62fc0_0, 0, 5;
    %pushi/vec4 2139171, 0, 32;
    %store/vec4 v0000022144be4f30_0, 0, 32;
    %pushi/vec4 8, 0, 64;
    %store/vec4 v0000022144b633b0_0, 0, 64;
    %fork TD_Immediate_Generation_tb.run_test, S_0000022144b97410;
    %join;
    %pushi/vec4 4, 0, 5;
    %store/vec4 v0000022144b62fc0_0, 0, 5;
    %pushi/vec4 2130531, 0, 32;
    %store/vec4 v0000022144be4f30_0, 0, 32;
    %pushi/vec4 4, 0, 64;
    %store/vec4 v0000022144b633b0_0, 0, 64;
    %fork TD_Immediate_Generation_tb.run_test, S_0000022144b97410;
    %join;
    %delay 20000, 0;
    %vpi_call 2 103 "$finish" {0 0 0};
    %end;
    .thread T_2;
# The file index is used to find the file name in the following table.
:file_names 4;
    "N/A";
    "<interactive>";
    "Immediate_Generation_tb.v";
    "./Immediate_Generation.v";
