#! /c/Source/iverilog-install/bin/vvp
:ivl_version "12.0 (devel)" "(s20150603-1539-g2693dd32b)";
:ivl_delay_selection "TYPICAL";
:vpi_time_precision - 12;
:vpi_module "C:\Users\saipo\OneDrive\Pictures\Vlsi\iverilog\lib\ivl\system.vpi";
:vpi_module "C:\Users\saipo\OneDrive\Pictures\Vlsi\iverilog\lib\ivl\vhdl_sys.vpi";
:vpi_module "C:\Users\saipo\OneDrive\Pictures\Vlsi\iverilog\lib\ivl\vhdl_textio.vpi";
:vpi_module "C:\Users\saipo\OneDrive\Pictures\Vlsi\iverilog\lib\ivl\v2005_math.vpi";
:vpi_module "C:\Users\saipo\OneDrive\Pictures\Vlsi\iverilog\lib\ivl\va_math.vpi";
S_000001bba008a270 .scope module, "mux2_1_tb" "mux2_1_tb" 2 4;
 .timescale -9 -12;
v000001bba00100e0_0 .var "a", 63 0;
v000001bba0010180_0 .var "b", 63 0;
v000001bba0010220_0 .net "out", 63 0, L_000001bba0010360;  1 drivers
v000001bba00102c0_0 .var "sel", 0 0;
S_000001bb9ffc61d0 .scope task, "run_test" "run_test" 2 17, 2 17 0, S_000001bba008a270;
 .timescale -9 -12;
v000001bba008a400_0 .var "expected", 63 0;
v000001bb9ff93000_0 .var "t_a", 63 0;
v000001bb9ffc4b70_0 .var "t_b", 63 0;
v000001bb9ffc4c10_0 .var "t_sel", 0 0;
v000001bb9ffc4cb0_0 .var "tno", 4 0;
TD_mux2_1_tb.run_test ;
    %load/vec4 v000001bb9ff93000_0;
    %store/vec4 v000001bba00100e0_0, 0, 64;
    %load/vec4 v000001bb9ffc4b70_0;
    %store/vec4 v000001bba0010180_0, 0, 64;
    %load/vec4 v000001bb9ffc4c10_0;
    %store/vec4 v000001bba00102c0_0, 0, 1;
    %delay 5000, 0;
    %vpi_call 2 29 "$display", "Test %0d", v000001bb9ffc4cb0_0 {0 0 0};
    %vpi_call 2 30 "$display", "a=%h b=%h sel=%b \342\206\222 out=%h", v000001bba00100e0_0, v000001bba0010180_0, v000001bba00102c0_0, v000001bba0010220_0 {0 0 0};
    %load/vec4 v000001bba0010220_0;
    %load/vec4 v000001bba008a400_0;
    %cmp/e;
    %jmp/0xz  T_0.0, 6;
    %vpi_call 2 33 "$display", "PASS\012" {0 0 0};
    %jmp T_0.1;
T_0.0 ;
    %vpi_call 2 35 "$display", "FAIL" {0 0 0};
    %vpi_call 2 36 "$display", "Expected = %h\012", v000001bba008a400_0 {0 0 0};
T_0.1 ;
    %end;
S_000001bb9ffc6360 .scope module, "uut" "mux2_1" 2 10, 3 1 0, S_000001bba008a270;
 .timescale -9 -12;
    .port_info 0 /INPUT 64 "a";
    .port_info 1 /INPUT 64 "b";
    .port_info 2 /INPUT 1 "sel";
    .port_info 3 /OUTPUT 64 "out";
v000001bb9ffc64f0_0 .net "a", 63 0, v000001bba00100e0_0;  1 drivers
v000001bb9ffc6590_0 .net "b", 63 0, v000001bba0010180_0;  1 drivers
v000001bba000ffa0_0 .net "out", 63 0, L_000001bba0010360;  alias, 1 drivers
v000001bba0010040_0 .net "sel", 0 0, v000001bba00102c0_0;  1 drivers
L_000001bba0010360 .functor MUXZ 64, v000001bba00100e0_0, v000001bba0010180_0, v000001bba00102c0_0, C4<>;
    .scope S_000001bba008a270;
T_1 ;
    %vpi_call 2 42 "$dumpfile", "mux2_1_tb.vcd" {0 0 0};
    %vpi_call 2 43 "$dumpvars", 32'sb00000000000000000000000000000000, S_000001bba008a270 {0 0 0};
    %pushi/vec4 1, 0, 5;
    %store/vec4 v000001bb9ffc4cb0_0, 0, 5;
    %pushi/vec4 43690, 0, 64;
    %store/vec4 v000001bb9ff93000_0, 0, 64;
    %pushi/vec4 48059, 0, 64;
    %store/vec4 v000001bb9ffc4b70_0, 0, 64;
    %pushi/vec4 0, 0, 1;
    %store/vec4 v000001bb9ffc4c10_0, 0, 1;
    %pushi/vec4 43690, 0, 64;
    %store/vec4 v000001bba008a400_0, 0, 64;
    %fork TD_mux2_1_tb.run_test, S_000001bb9ffc61d0;
    %join;
    %pushi/vec4 2, 0, 5;
    %store/vec4 v000001bb9ffc4cb0_0, 0, 5;
    %pushi/vec4 2443359172, 0, 35;
    %concati/vec4 448585456, 0, 29;
    %store/vec4 v000001bb9ff93000_0, 0, 64;
    %pushi/vec4 0, 0, 64;
    %store/vec4 v000001bb9ffc4b70_0, 0, 64;
    %pushi/vec4 0, 0, 1;
    %store/vec4 v000001bb9ffc4c10_0, 0, 1;
    %pushi/vec4 2443359172, 0, 35;
    %concati/vec4 448585456, 0, 29;
    %store/vec4 v000001bba008a400_0, 0, 64;
    %fork TD_mux2_1_tb.run_test, S_000001bb9ffc61d0;
    %join;
    %delay 20000, 0;
    %vpi_call 2 48 "$finish" {0 0 0};
    %end;
    .thread T_1;
# The file index is used to find the file name in the following table.
:file_names 4;
    "N/A";
    "<interactive>";
    "mux2_1_tb.v";
    "./mux2_1.v";
