#! /c/Source/iverilog-install/bin/vvp
:ivl_version "12.0 (devel)" "(s20150603-1539-g2693dd32b)";
:ivl_delay_selection "TYPICAL";
:vpi_time_precision - 12;
:vpi_module "C:\Users\saipo\OneDrive\Pictures\Vlsi\iverilog\lib\ivl\system.vpi";
:vpi_module "C:\Users\saipo\OneDrive\Pictures\Vlsi\iverilog\lib\ivl\vhdl_sys.vpi";
:vpi_module "C:\Users\saipo\OneDrive\Pictures\Vlsi\iverilog\lib\ivl\vhdl_textio.vpi";
:vpi_module "C:\Users\saipo\OneDrive\Pictures\Vlsi\iverilog\lib\ivl\v2005_math.vpi";
:vpi_module "C:\Users\saipo\OneDrive\Pictures\Vlsi\iverilog\lib\ivl\va_math.vpi";
S_000001c6db36c090 .scope module, "pc_tb" "pc_tb" 2 4;
 .timescale -9 -12;
v000001c6db3b49d0_0 .var "clk", 0 0;
v000001c6db3b4a70_0 .var "pc_in", 63 0;
v000001c6db3b4b10_0 .net "pc_out", 63 0, L_000001c6db3a5350;  1 drivers
v000001c6db3b4bb0_0 .var "reset", 0 0;
S_000001c6db36c220 .scope task, "run_test" "run_test" 2 22, 2 22 0, S_000001c6db36c090;
 .timescale -9 -12;
v000001c6db3a5d00_0 .var "expected_pc_out", 63 0;
v000001c6db382fe0_0 .var "test_number", 7 0;
v000001c6db36c3b0_0 .var "test_pc_in", 63 0;
v000001c6db36c450_0 .var "test_reset", 0 0;
E_000001c6db3b92e0 .event posedge, v000001c6db3b46b0_0;
TD_pc_tb.run_test ;
    %load/vec4 v000001c6db36c3b0_0;
    %store/vec4 v000001c6db3b4a70_0, 0, 64;
    %load/vec4 v000001c6db36c450_0;
    %store/vec4 v000001c6db3b4bb0_0, 0, 1;
    %wait E_000001c6db3b92e0;
    %delay 2000, 0;
    %vpi_call 2 34 "$display", "Test %0d: pc_in = %h, reset = %b, pc_out = %h", v000001c6db382fe0_0, v000001c6db3b4a70_0, v000001c6db3b4bb0_0, v000001c6db3b4b10_0 {0 0 0};
    %load/vec4 v000001c6db3b4b10_0;
    %load/vec4 v000001c6db3a5d00_0;
    %cmp/e;
    %jmp/0xz  T_0.0, 6;
    %vpi_call 2 37 "$display", "PASS\012" {0 0 0};
    %jmp T_0.1;
T_0.0 ;
    %vpi_call 2 39 "$display", "FAIL" {0 0 0};
    %vpi_call 2 40 "$display", "  Expected pc_out = %h\012", v000001c6db3a5d00_0 {0 0 0};
T_0.1 ;
    %end;
S_000001c6db3b4520 .scope module, "uut" "pc" 2 15, 3 1 0, S_000001c6db36c090;
 .timescale -9 -12;
    .port_info 0 /INPUT 1 "clk";
    .port_info 1 /INPUT 1 "reset";
    .port_info 2 /INPUT 64 "pc_in";
    .port_info 3 /OUTPUT 64 "pc_out";
L_000001c6db3a5350 .functor BUFZ 64, v000001c6db3b4890_0, C4<0000000000000000000000000000000000000000000000000000000000000000>, C4<0000000000000000000000000000000000000000000000000000000000000000>, C4<0000000000000000000000000000000000000000000000000000000000000000>;
v000001c6db3b46b0_0 .net "clk", 0 0, v000001c6db3b49d0_0;  1 drivers
v000001c6db3b4750_0 .net "pc_in", 63 0, v000001c6db3b4a70_0;  1 drivers
v000001c6db3b47f0_0 .net "pc_out", 63 0, L_000001c6db3a5350;  alias, 1 drivers
v000001c6db3b4890_0 .var "pc_reg", 63 0;
v000001c6db3b4930_0 .net "reset", 0 0, v000001c6db3b4bb0_0;  1 drivers
E_000001c6db3b93a0 .event posedge, v000001c6db3b4930_0, v000001c6db3b46b0_0;
    .scope S_000001c6db3b4520;
T_1 ;
    %wait E_000001c6db3b93a0;
    %load/vec4 v000001c6db3b4930_0;
    %flag_set/vec4 8;
    %jmp/0xz  T_1.0, 8;
    %pushi/vec4 0, 0, 64;
    %assign/vec4 v000001c6db3b4890_0, 0;
    %jmp T_1.1;
T_1.0 ;
    %load/vec4 v000001c6db3b4750_0;
    %assign/vec4 v000001c6db3b4890_0, 0;
T_1.1 ;
    %jmp T_1;
    .thread T_1;
    .scope S_000001c6db36c090;
T_2 ;
    %pushi/vec4 0, 0, 1;
    %store/vec4 v000001c6db3b49d0_0, 0, 1;
T_2.0 ;
    %delay 5000, 0;
    %load/vec4 v000001c6db3b49d0_0;
    %inv;
    %store/vec4 v000001c6db3b49d0_0, 0, 1;
    %jmp T_2.0;
    %end;
    .thread T_2;
    .scope S_000001c6db36c090;
T_3 ;
    %vpi_call 2 46 "$dumpfile", "pc_tb.vcd" {0 0 0};
    %vpi_call 2 47 "$dumpvars", 32'sb00000000000000000000000000000000, S_000001c6db36c090 {0 0 0};
    %pushi/vec4 1, 0, 8;
    %store/vec4 v000001c6db382fe0_0, 0, 8;
    %pushi/vec4 2914070494, 0, 40;
    %concati/vec4 11386607, 0, 24;
    %store/vec4 v000001c6db36c3b0_0, 0, 64;
    %pushi/vec4 1, 0, 1;
    %store/vec4 v000001c6db36c450_0, 0, 1;
    %pushi/vec4 0, 0, 64;
    %store/vec4 v000001c6db3a5d00_0, 0, 64;
    %fork TD_pc_tb.run_test, S_000001c6db36c220;
    %join;
    %pushi/vec4 2, 0, 8;
    %store/vec4 v000001c6db382fe0_0, 0, 8;
    %pushi/vec4 180150004, 0, 64;
    %store/vec4 v000001c6db36c3b0_0, 0, 64;
    %pushi/vec4 0, 0, 1;
    %store/vec4 v000001c6db36c450_0, 0, 1;
    %pushi/vec4 180150004, 0, 64;
    %store/vec4 v000001c6db3a5d00_0, 0, 64;
    %fork TD_pc_tb.run_test, S_000001c6db36c220;
    %join;
    %delay 20000, 0;
    %vpi_call 2 53 "$finish" {0 0 0};
    %end;
    .thread T_3;
# The file index is used to find the file name in the following table.
:file_names 4;
    "N/A";
    "<interactive>";
    "pc_tb.v";
    "./pc.v";
