#! /c/Source/iverilog-install/bin/vvp
:ivl_version "12.0 (devel)" "(s20150603-1539-g2693dd32b)";
:ivl_delay_selection "TYPICAL";
:vpi_time_precision - 12;
:vpi_module "C:\Users\saipo\OneDrive\Pictures\Vlsi\iverilog\lib\ivl\system.vpi";
:vpi_module "C:\Users\saipo\OneDrive\Pictures\Vlsi\iverilog\lib\ivl\vhdl_sys.vpi";
:vpi_module "C:\Users\saipo\OneDrive\Pictures\Vlsi\iverilog\lib\ivl\vhdl_textio.vpi";
:vpi_module "C:\Users\saipo\OneDrive\Pictures\Vlsi\iverilog\lib\ivl\v2005_math.vpi";
:vpi_module "C:\Users\saipo\OneDrive\Pictures\Vlsi\iverilog\lib\ivl\va_math.vpi";
S_00000211513ea0d0 .scope module, "register_file_tb" "register_file_tb" 2 4;
 .timescale -9 -12;
v0000021151458eb0_0 .var "clk", 0 0;
v00000211514587d0_0 .net "read_data1", 63 0, L_00000211513fd0c0;  1 drivers
v0000021151458730_0 .net "read_data2", 63 0, L_00000211513fcaa0;  1 drivers
v0000021151458af0_0 .var "read_reg1", 4 0;
v0000021151458b90_0 .var "read_reg2", 4 0;
v0000021151459a50_0 .var "reg_write_en", 0 0;
v000002115145a8b0_0 .var "reset", 0 0;
v000002115145ae50_0 .var "write_data", 63 0;
v000002115145b210_0 .var "write_reg", 4 0;
S_00000211513f4a20 .scope task, "run_test" "run_test" 2 29, 2 29 0, S_00000211513ea0d0;
 .timescale -9 -12;
v00000211513c3260_0 .var "expected1", 63 0;
v00000211513ea260_0 .var "expected2", 63 0;
v00000211513ea300_0 .var "t_read_reg1", 4 0;
v00000211513f4bb0_0 .var "t_read_reg2", 4 0;
v00000211513f4c50_0 .var "t_reg_write_en", 0 0;
v00000211513f4cf0_0 .var "t_reset", 0 0;
v00000211513f4d90_0 .var "t_write_data", 63 0;
v0000021151458c30_0 .var "t_write_reg", 4 0;
v0000021151458cd0_0 .var "tno", 4 0;
E_00000211513f2800 .event posedge, v0000021151458ff0_0;
E_00000211513f2600 .event negedge, v0000021151458ff0_0;
TD_register_file_tb.run_test ;
    %wait E_00000211513f2600;
    %load/vec4 v00000211513f4cf0_0;
    %store/vec4 v000002115145a8b0_0, 0, 1;
    %load/vec4 v00000211513f4c50_0;
    %store/vec4 v0000021151459a50_0, 0, 1;
    %load/vec4 v00000211513ea300_0;
    %store/vec4 v0000021151458af0_0, 0, 5;
    %load/vec4 v00000211513f4bb0_0;
    %store/vec4 v0000021151458b90_0, 0, 5;
    %load/vec4 v0000021151458c30_0;
    %store/vec4 v000002115145b210_0, 0, 5;
    %load/vec4 v00000211513f4d90_0;
    %store/vec4 v000002115145ae50_0, 0, 64;
    %wait E_00000211513f2800;
    %delay 2000, 0;
    %vpi_call 2 52 "$display", "Test %0d", v0000021151458cd0_0 {0 0 0};
    %vpi_call 2 53 "$display", "Reset=%b WE=%b WR=%d WD=%h", v000002115145a8b0_0, v0000021151459a50_0, v000002115145b210_0, v000002115145ae50_0 {0 0 0};
    %vpi_call 2 54 "$display", "RR1=%d RD1=%h", v0000021151458af0_0, v00000211514587d0_0 {0 0 0};
    %vpi_call 2 55 "$display", "RR2=%d RD2=%h", v0000021151458b90_0, v0000021151458730_0 {0 0 0};
    %load/vec4 v00000211514587d0_0;
    %load/vec4 v00000211513c3260_0;
    %cmp/e;
    %flag_get/vec4 6;
    %jmp/0 T_0.2, 6;
    %load/vec4 v0000021151458730_0;
    %load/vec4 v00000211513ea260_0;
    %cmp/e;
    %flag_get/vec4 6;
    %and;
T_0.2;
    %flag_set/vec4 8;
    %jmp/0xz  T_0.0, 8;
    %vpi_call 2 58 "$display", "PASS\012" {0 0 0};
    %jmp T_0.1;
T_0.0 ;
    %vpi_call 2 60 "$display", "FAIL" {0 0 0};
    %vpi_call 2 61 "$display", "Expected RD1=%h  RD2=%h", v00000211513c3260_0, v00000211513ea260_0 {0 0 0};
    %vpi_call 2 62 "$display", "Output   RD1=%h  RD2=%h\012", v00000211514587d0_0, v0000021151458730_0 {0 0 0};
T_0.1 ;
    %end;
S_00000211513c2be0 .scope module, "uut" "register_file" 2 12, 3 1 0, S_00000211513ea0d0;
 .timescale -9 -12;
    .port_info 0 /INPUT 1 "clk";
    .port_info 1 /INPUT 1 "reset";
    .port_info 2 /INPUT 1 "reg_write_en";
    .port_info 3 /INPUT 5 "read_reg1";
    .port_info 4 /INPUT 5 "read_reg2";
    .port_info 5 /INPUT 5 "write_reg";
    .port_info 6 /INPUT 64 "write_data";
    .port_info 7 /OUTPUT 64 "read_data1";
    .port_info 8 /OUTPUT 64 "read_data2";
L_00000211513fd0c0 .functor BUFZ 64, L_000002115145b0d0, C4<0000000000000000000000000000000000000000000000000000000000000000>, C4<0000000000000000000000000000000000000000000000000000000000000000>, C4<0000000000000000000000000000000000000000000000000000000000000000>;
L_00000211513fcaa0 .functor BUFZ 64, L_000002115145adb0, C4<0000000000000000000000000000000000000000000000000000000000000000>, C4<0000000000000000000000000000000000000000000000000000000000000000>, C4<0000000000000000000000000000000000000000000000000000000000000000>;
v0000021151458d70_0 .net *"_ivl_0", 63 0, L_000002115145b0d0;  1 drivers
v00000211514580f0_0 .net *"_ivl_10", 6 0, L_000002115145a1d0;  1 drivers
L_000002115145b920 .functor BUFT 1, C4<00>, C4<0>, C4<0>, C4<0>;
v0000021151458f50_0 .net *"_ivl_13", 1 0, L_000002115145b920;  1 drivers
v0000021151458870_0 .net *"_ivl_2", 6 0, L_0000021151459c30;  1 drivers
L_000002115145b8d8 .functor BUFT 1, C4<00>, C4<0>, C4<0>, C4<0>;
v0000021151458410_0 .net *"_ivl_5", 1 0, L_000002115145b8d8;  1 drivers
v0000021151458550_0 .net *"_ivl_8", 63 0, L_000002115145adb0;  1 drivers
v0000021151458ff0_0 .net "clk", 0 0, v0000021151458eb0_0;  1 drivers
v0000021151458910_0 .var/i "i", 31 0;
v0000021151458190_0 .net "read_data1", 63 0, L_00000211513fd0c0;  alias, 1 drivers
v0000021151458a50_0 .net "read_data2", 63 0, L_00000211513fcaa0;  alias, 1 drivers
v0000021151458e10_0 .net "read_reg1", 4 0, v0000021151458af0_0;  1 drivers
v0000021151458690_0 .net "read_reg2", 4 0, v0000021151458b90_0;  1 drivers
v00000211514582d0_0 .net "reg_write_en", 0 0, v0000021151459a50_0;  1 drivers
v0000021151458230 .array "registers", 0 31, 63 0;
v0000021151458370_0 .net "reset", 0 0, v000002115145a8b0_0;  1 drivers
v00000211514589b0_0 .net "write_data", 63 0, v000002115145ae50_0;  1 drivers
v00000211514585f0_0 .net "write_reg", 4 0, v000002115145b210_0;  1 drivers
E_00000211513f24c0 .event posedge, v0000021151458370_0, v0000021151458ff0_0;
L_000002115145b0d0 .array/port v0000021151458230, L_0000021151459c30;
L_0000021151459c30 .concat [ 5 2 0 0], v0000021151458af0_0, L_000002115145b8d8;
L_000002115145adb0 .array/port v0000021151458230, L_000002115145a1d0;
L_000002115145a1d0 .concat [ 5 2 0 0], v0000021151458b90_0, L_000002115145b920;
    .scope S_00000211513c2be0;
T_1 ;
    %pushi/vec4 0, 0, 32;
    %store/vec4 v0000021151458910_0, 0, 32;
T_1.0 ;
    %load/vec4 v0000021151458910_0;
    %cmpi/s 32, 0, 32;
    %jmp/0xz T_1.1, 5;
    %pushi/vec4 0, 0, 64;
    %ix/getv/s 4, v0000021151458910_0;
    %store/vec4a v0000021151458230, 4, 0;
    %load/vec4 v0000021151458910_0;
    %addi 1, 0, 32;
    %store/vec4 v0000021151458910_0, 0, 32;
    %jmp T_1.0;
T_1.1 ;
    %end;
    .thread T_1;
    .scope S_00000211513c2be0;
T_2 ;
    %wait E_00000211513f24c0;
    %load/vec4 v0000021151458370_0;
    %flag_set/vec4 8;
    %jmp/0xz  T_2.0, 8;
    %pushi/vec4 0, 0, 32;
    %store/vec4 v0000021151458910_0, 0, 32;
T_2.2 ;
    %load/vec4 v0000021151458910_0;
    %cmpi/s 32, 0, 32;
    %jmp/0xz T_2.3, 5;
    %pushi/vec4 0, 0, 64;
    %ix/getv/s 3, v0000021151458910_0;
    %ix/load 4, 0, 0; Constant delay
    %assign/vec4/a/d v0000021151458230, 0, 4;
    %load/vec4 v0000021151458910_0;
    %addi 1, 0, 32;
    %store/vec4 v0000021151458910_0, 0, 32;
    %jmp T_2.2;
T_2.3 ;
    %jmp T_2.1;
T_2.0 ;
    %load/vec4 v00000211514582d0_0;
    %flag_set/vec4 9;
    %flag_get/vec4 9;
    %jmp/0 T_2.6, 9;
    %load/vec4 v00000211514585f0_0;
    %pushi/vec4 0, 0, 5;
    %cmp/ne;
    %flag_get/vec4 4;
    %and;
T_2.6;
    %flag_set/vec4 8;
    %jmp/0xz  T_2.4, 8;
    %load/vec4 v00000211514589b0_0;
    %load/vec4 v00000211514585f0_0;
    %pad/u 7;
    %ix/vec4 3;
    %ix/load 4, 0, 0; Constant delay
    %assign/vec4/a/d v0000021151458230, 0, 4;
T_2.4 ;
T_2.1 ;
    %jmp T_2;
    .thread T_2;
    .scope S_00000211513ea0d0;
T_3 ;
    %pushi/vec4 0, 0, 1;
    %store/vec4 v0000021151458eb0_0, 0, 1;
T_3.0 ;
    %delay 5000, 0;
    %load/vec4 v0000021151458eb0_0;
    %inv;
    %store/vec4 v0000021151458eb0_0, 0, 1;
    %jmp T_3.0;
    %end;
    .thread T_3;
    .scope S_00000211513ea0d0;
T_4 ;
    %vpi_call 2 68 "$dumpfile", "register_file_tb.vcd" {0 0 0};
    %vpi_call 2 69 "$dumpvars", 32'sb00000000000000000000000000000000, S_00000211513ea0d0 {0 0 0};
    %pushi/vec4 1, 0, 5;
    %store/vec4 v0000021151458cd0_0, 0, 5;
    %pushi/vec4 0, 0, 1;
    %store/vec4 v00000211513f4cf0_0, 0, 1;
    %pushi/vec4 1, 0, 1;
    %store/vec4 v00000211513f4c50_0, 0, 1;
    %pushi/vec4 0, 0, 5;
    %store/vec4 v00000211513ea300_0, 0, 5;
    %pushi/vec4 0, 0, 5;
    %store/vec4 v00000211513f4bb0_0, 0, 5;
    %pushi/vec4 0, 0, 5;
    %store/vec4 v0000021151458c30_0, 0, 5;
    %pushi/vec4 4294967295, 0, 32;
    %concati/vec4 4294967295, 0, 32;
    %store/vec4 v00000211513f4d90_0, 0, 64;
    %pushi/vec4 0, 0, 64;
    %store/vec4 v00000211513c3260_0, 0, 64;
    %pushi/vec4 0, 0, 64;
    %store/vec4 v00000211513ea260_0, 0, 64;
    %fork TD_register_file_tb.run_test, S_00000211513f4a20;
    %join;
    %pushi/vec4 2, 0, 5;
    %store/vec4 v0000021151458cd0_0, 0, 5;
    %pushi/vec4 0, 0, 1;
    %store/vec4 v00000211513f4cf0_0, 0, 1;
    %pushi/vec4 1, 0, 1;
    %store/vec4 v00000211513f4c50_0, 0, 1;
    %pushi/vec4 1, 0, 5;
    %store/vec4 v00000211513ea300_0, 0, 5;
    %pushi/vec4 0, 0, 5;
    %store/vec4 v00000211513f4bb0_0, 0, 5;
    %pushi/vec4 1, 0, 5;
    %store/vec4 v0000021151458c30_0, 0, 5;
    %pushi/vec4 3735928559, 0, 32;
    %concati/vec4 3735928559, 0, 32;
    %store/vec4 v00000211513f4d90_0, 0, 64;
    %pushi/vec4 3735928559, 0, 32;
    %concati/vec4 3735928559, 0, 32;
    %store/vec4 v00000211513c3260_0, 0, 64;
    %pushi/vec4 0, 0, 64;
    %store/vec4 v00000211513ea260_0, 0, 64;
    %fork TD_register_file_tb.run_test, S_00000211513f4a20;
    %join;
    %pushi/vec4 3, 0, 5;
    %store/vec4 v0000021151458cd0_0, 0, 5;
    %pushi/vec4 0, 0, 1;
    %store/vec4 v00000211513f4cf0_0, 0, 1;
    %pushi/vec4 1, 0, 1;
    %store/vec4 v00000211513f4c50_0, 0, 1;
    %pushi/vec4 1, 0, 5;
    %store/vec4 v00000211513ea300_0, 0, 5;
    %pushi/vec4 2, 0, 5;
    %store/vec4 v00000211513f4bb0_0, 0, 5;
    %pushi/vec4 2, 0, 5;
    %store/vec4 v0000021151458c30_0, 0, 5;
    %pushi/vec4 3405691582, 0, 32;
    %concati/vec4 3405691582, 0, 32;
    %store/vec4 v00000211513f4d90_0, 0, 64;
    %pushi/vec4 3735928559, 0, 32;
    %concati/vec4 3735928559, 0, 32;
    %store/vec4 v00000211513c3260_0, 0, 64;
    %pushi/vec4 3405691582, 0, 32;
    %concati/vec4 3405691582, 0, 32;
    %store/vec4 v00000211513ea260_0, 0, 64;
    %fork TD_register_file_tb.run_test, S_00000211513f4a20;
    %join;
    %pushi/vec4 4, 0, 5;
    %store/vec4 v0000021151458cd0_0, 0, 5;
    %pushi/vec4 0, 0, 1;
    %store/vec4 v00000211513f4cf0_0, 0, 1;
    %pushi/vec4 0, 0, 1;
    %store/vec4 v00000211513f4c50_0, 0, 1;
    %pushi/vec4 1, 0, 5;
    %store/vec4 v00000211513ea300_0, 0, 5;
    %pushi/vec4 2, 0, 5;
    %store/vec4 v00000211513f4bb0_0, 0, 5;
    %pushi/vec4 1, 0, 5;
    %store/vec4 v0000021151458c30_0, 0, 5;
    %pushi/vec4 2290649224, 0, 35;
    %concati/vec4 286331153, 0, 29;
    %store/vec4 v00000211513f4d90_0, 0, 64;
    %pushi/vec4 3735928559, 0, 32;
    %concati/vec4 3735928559, 0, 32;
    %store/vec4 v00000211513c3260_0, 0, 64;
    %pushi/vec4 3405691582, 0, 32;
    %concati/vec4 3405691582, 0, 32;
    %store/vec4 v00000211513ea260_0, 0, 64;
    %fork TD_register_file_tb.run_test, S_00000211513f4a20;
    %join;
    %pushi/vec4 5, 0, 5;
    %store/vec4 v0000021151458cd0_0, 0, 5;
    %pushi/vec4 0, 0, 1;
    %store/vec4 v00000211513f4cf0_0, 0, 1;
    %pushi/vec4 1, 0, 1;
    %store/vec4 v00000211513f4c50_0, 0, 1;
    %pushi/vec4 0, 0, 5;
    %store/vec4 v00000211513ea300_0, 0, 5;
    %pushi/vec4 1, 0, 5;
    %store/vec4 v00000211513f4bb0_0, 0, 5;
    %pushi/vec4 0, 0, 5;
    %store/vec4 v0000021151458c30_0, 0, 5;
    %pushi/vec4 4294967295, 0, 32;
    %concati/vec4 4294967295, 0, 32;
    %store/vec4 v00000211513f4d90_0, 0, 64;
    %pushi/vec4 0, 0, 64;
    %store/vec4 v00000211513c3260_0, 0, 64;
    %pushi/vec4 3735928559, 0, 32;
    %concati/vec4 3735928559, 0, 32;
    %store/vec4 v00000211513ea260_0, 0, 64;
    %fork TD_register_file_tb.run_test, S_00000211513f4a20;
    %join;
    %pushi/vec4 6, 0, 5;
    %store/vec4 v0000021151458cd0_0, 0, 5;
    %pushi/vec4 0, 0, 1;
    %store/vec4 v00000211513f4cf0_0, 0, 1;
    %pushi/vec4 1, 0, 1;
    %store/vec4 v00000211513f4c50_0, 0, 1;
    %pushi/vec4 31, 0, 5;
    %store/vec4 v00000211513ea300_0, 0, 5;
    %pushi/vec4 0, 0, 5;
    %store/vec4 v00000211513f4bb0_0, 0, 5;
    %pushi/vec4 31, 0, 5;
    %store/vec4 v0000021151458c30_0, 0, 5;
    %pushi/vec4 2443359172, 0, 35;
    %concati/vec4 279694831, 0, 29;
    %store/vec4 v00000211513f4d90_0, 0, 64;
    %pushi/vec4 2443359172, 0, 35;
    %concati/vec4 279694831, 0, 29;
    %store/vec4 v00000211513c3260_0, 0, 64;
    %pushi/vec4 0, 0, 64;
    %store/vec4 v00000211513ea260_0, 0, 64;
    %fork TD_register_file_tb.run_test, S_00000211513f4a20;
    %join;
    %pushi/vec4 7, 0, 5;
    %store/vec4 v0000021151458cd0_0, 0, 5;
    %pushi/vec4 0, 0, 1;
    %store/vec4 v00000211513f4cf0_0, 0, 1;
    %pushi/vec4 0, 0, 1;
    %store/vec4 v00000211513f4c50_0, 0, 1;
    %pushi/vec4 2, 0, 5;
    %store/vec4 v00000211513ea300_0, 0, 5;
    %pushi/vec4 2, 0, 5;
    %store/vec4 v00000211513f4bb0_0, 0, 5;
    %pushi/vec4 0, 0, 5;
    %store/vec4 v0000021151458c30_0, 0, 5;
    %pushi/vec4 0, 0, 64;
    %store/vec4 v00000211513f4d90_0, 0, 64;
    %pushi/vec4 3405691582, 0, 32;
    %concati/vec4 3405691582, 0, 32;
    %store/vec4 v00000211513c3260_0, 0, 64;
    %pushi/vec4 3405691582, 0, 32;
    %concati/vec4 3405691582, 0, 32;
    %store/vec4 v00000211513ea260_0, 0, 64;
    %fork TD_register_file_tb.run_test, S_00000211513f4a20;
    %join;
    %delay 20000, 0;
    %vpi_call 2 79 "$finish" {0 0 0};
    %end;
    .thread T_4;
# The file index is used to find the file name in the following table.
:file_names 4;
    "N/A";
    "<interactive>";
    "register_file_tb.v";
    "./register_file.v";
