#! /c/Source/iverilog-install/bin/vvp
:ivl_version "12.0 (devel)" "(s20150603-1539-g2693dd32b)";
:ivl_delay_selection "TYPICAL";
:vpi_time_precision - 12;
:vpi_module "C:\Users\saipo\OneDrive\Pictures\Vlsi\iverilog\lib\ivl\system.vpi";
:vpi_module "C:\Users\saipo\OneDrive\Pictures\Vlsi\iverilog\lib\ivl\vhdl_sys.vpi";
:vpi_module "C:\Users\saipo\OneDrive\Pictures\Vlsi\iverilog\lib\ivl\vhdl_textio.vpi";
:vpi_module "C:\Users\saipo\OneDrive\Pictures\Vlsi\iverilog\lib\ivl\v2005_math.vpi";
:vpi_module "C:\Users\saipo\OneDrive\Pictures\Vlsi\iverilog\lib\ivl\va_math.vpi";
S_000002173e875e30 .scope module, "sl1_tb" "sl1_tb" 2 4;
 .timescale -9 -12;
v000002173e8761f0_0 .var "in", 63 0;
v000002173e8bb840_0 .net "out", 63 0, L_000002173e903990;  1 drivers
S_000002173e875fc0 .scope module, "uut" "sl1" 2 9, 3 1 0, S_000002173e875e30;
 .timescale -9 -12;
    .port_info 0 /INPUT 64 "in";
    .port_info 1 /OUTPUT 64 "out";
v000002173e8433b0_0 .net *"_ivl_1", 62 0, L_000002173e8bb8e0;  1 drivers
L_000002173e8bb988 .functor BUFT 1, C4<0>, C4<0>, C4<0>, C4<0>;
v000002173e843000_0 .net/2u *"_ivl_2", 0 0, L_000002173e8bb988;  1 drivers
v000002173e979770_0 .net "in", 63 0, v000002173e8761f0_0;  1 drivers
v000002173e876150_0 .net "out", 63 0, L_000002173e903990;  alias, 1 drivers
L_000002173e8bb8e0 .part v000002173e8761f0_0, 0, 63;
L_000002173e903990 .concat [ 1 63 0 0], L_000002173e8bb988, L_000002173e8bb8e0;
    .scope S_000002173e875e30;
T_0 ;
    %vpi_call 2 12 "$dumpfile", "sl1_tb.vcd" {0 0 0};
    %vpi_call 2 13 "$dumpvars", 32'sb00000000000000000000000000000000, S_000002173e875e30 {0 0 0};
    %pushi/vec4 1, 0, 64;
    %store/vec4 v000002173e8761f0_0, 0, 64;
    %delay 10000, 0;
    %pushi/vec4 15, 0, 64;
    %store/vec4 v000002173e8761f0_0, 0, 64;
    %delay 10000, 0;
    %pushi/vec4 2147483648, 0, 32;
    %concati/vec4 0, 0, 32;
    %store/vec4 v000002173e8761f0_0, 0, 64;
    %delay 10000, 0;
    %vpi_call 2 19 "$finish" {0 0 0};
    %end;
    .thread T_0;
# The file index is used to find the file name in the following table.
:file_names 4;
    "N/A";
    "<interactive>";
    "sl1_tb.v";
    "./sl1.v";
